[debug] [2020-11-26T08:09:19.466Z] ----------------------------------------------------------------------
[debug] [2020-11-26T08:09:19.468Z] Command:       C:\Program Files\nodejs\node.exe C:\Users\Acer\AppData\Roaming\npm\node_modules\firebase-tools\lib\bin\firebase.js init
[debug] [2020-11-26T08:09:19.468Z] CLI Version:   8.16.2
[debug] [2020-11-26T08:09:19.468Z] Platform:      win32
[debug] [2020-11-26T08:09:19.468Z] Node Version:  v12.18.3
[debug] [2020-11-26T08:09:19.469Z] Time:          Thu Nov 26 2020 15:09:19 GMT+0700 (GMT+07:00)
[debug] [2020-11-26T08:09:19.470Z] ----------------------------------------------------------------------
[debug] [2020-11-26T08:09:19.470Z] 
[debug] [2020-11-26T08:09:19.476Z] > command requires scopes: ["email","openid","https://www.googleapis.com/auth/cloudplatformprojects.readonly","https://www.googleapis.com/auth/firebase","https://www.googleapis.com/auth/cloud-platform"]
[debug] [2020-11-26T08:09:19.476Z] > authorizing via signed-in user
[info] 
     ######## #### ########  ######## ########     ###     ######  ########
     ##        ##  ##     ## ##       ##     ##  ##   ##  ##       ##
     ######    ##  ########  ######   ########  #########  ######  ######
     ##        ##  ##    ##  ##       ##     ## ##     ##       ## ##
     ##       #### ##     ## ######## ########  ##     ##  ######  ########

You're about to initialize a Firebase project in this directory:

  F:\Work\exploration\mika\dashboardb\templates\repay

[info] 
=== Project Setup
[info] 
[info] First, let's associate this project directory with a Firebase project.
[info] You can create multiple project aliases by running firebase use --add, 
[info] but for now we'll just set up a default project.
[info] 
[info] i  If you want to create a project in a Google Cloud organization or folder, please use "firebase projects:create" instead, and return to this command when you've created the project. 
[debug] [2020-11-26T08:10:29.596Z] > refreshing access token with scopes: ["email","https://www.googleapis.com/auth/cloud-platform","https://www.googleapis.com/auth/cloudplatformprojects.readonly","https://www.googleapis.com/auth/firebase","openid"]
[debug] [2020-11-26T08:10:29.596Z] >>> HTTP REQUEST POST https://www.googleapis.com/oauth2/v3/token  
 <request body omitted>
[debug] [2020-11-26T08:10:29.709Z] <<< HTTP RESPONSE 200 {"date":"Thu, 26 Nov 2020 08:10:29 GMT","expires":"Mon, 01 Jan 1990 00:00:00 GMT","pragma":"no-cache","cache-control":"no-cache, no-store, max-age=0, must-revalidate","content-type":"application/json; charset=utf-8","vary":"X-Origin, Referer, Origin,Accept-Encoding","server":"scaffolding on HTTPServer2","x-xss-protection":"0","x-frame-options":"SAMEORIGIN","x-content-type-options":"nosniff","alt-svc":"h3-29=\":443\"; ma=2592000,h3-T051=\":443\"; ma=2592000,h3-Q050=\":443\"; ma=2592000,h3-Q046=\":443\"; ma=2592000,h3-Q043=\":443\"; ma=2592000,quic=\":443\"; ma=2592000; v=\"46,43\"","accept-ranges":"none","transfer-encoding":"chunked"}
[debug] [2020-11-26T08:10:29.722Z] >>> HTTP REQUEST POST https://cloudresourcemanager.googleapis.com/v1/projects  
 {"projectId":"repayme","name":"repayme"}
[debug] [2020-11-26T08:10:31.117Z] <<< HTTP RESPONSE 200 {"content-type":"application/json; charset=UTF-8","vary":"X-Origin, Referer, Origin,Accept-Encoding","date":"Thu, 26 Nov 2020 08:10:31 GMT","server":"ESF","cache-control":"private","x-xss-protection":"0","x-frame-options":"SAMEORIGIN","x-content-type-options":"nosniff","server-timing":"gfet4t7; dur=1319","alt-svc":"h3-29=\":443\"; ma=2592000,h3-T051=\":443\"; ma=2592000,h3-Q050=\":443\"; ma=2592000,h3-Q046=\":443\"; ma=2592000,h3-Q043=\":443\"; ma=2592000,quic=\":443\"; ma=2592000; v=\"46,43\"","accept-ranges":"none","transfer-encoding":"chunked"}
[debug] [2020-11-26T08:10:31.118Z] > refreshing access token with scopes: []
[debug] [2020-11-26T08:10:31.119Z] >>> HTTP REQUEST POST https://www.googleapis.com/oauth2/v3/token  
 <request body omitted>
[debug] [2020-11-26T08:10:31.203Z] <<< HTTP RESPONSE 200 {"pragma":"no-cache","expires":"Mon, 01 Jan 1990 00:00:00 GMT","date":"Thu, 26 Nov 2020 08:10:31 GMT","cache-control":"no-cache, no-store, max-age=0, must-revalidate","content-type":"application/json; charset=utf-8","vary":"X-Origin, Referer, Origin,Accept-Encoding","server":"scaffolding on HTTPServer2","x-xss-protection":"0","x-frame-options":"SAMEORIGIN","x-content-type-options":"nosniff","alt-svc":"h3-29=\":443\"; ma=2592000,h3-T051=\":443\"; ma=2592000,h3-Q050=\":443\"; ma=2592000,h3-Q046=\":443\"; ma=2592000,h3-Q043=\":443\"; ma=2592000,quic=\":443\"; ma=2592000; v=\"46,43\"","accept-ranges":"none","transfer-encoding":"chunked"}
[debug] [2020-11-26T08:10:31.209Z] >>> [apiv2][query] GET https://cloudresourcemanager.googleapis.com/v1/operations/cp.8606262203112462417 [none]
[debug] [2020-11-26T08:10:32.484Z] <<< [apiv2][status] GET https://cloudresourcemanager.googleapis.com/v1/operations/cp.8606262203112462417 200
[debug] [2020-11-26T08:10:32.484Z] <<< [apiv2][body] GET https://cloudresourcemanager.googleapis.com/v1/operations/cp.8606262203112462417 {"name":"operations/cp.8606262203112462417"}
[debug] [2020-11-26T08:10:32.986Z] [Project Creation Poller] Retrying task index 0
[debug] [2020-11-26T08:10:32.986Z] >>> [apiv2][query] GET https://cloudresourcemanager.googleapis.com/v1/operations/cp.8606262203112462417 [none]
[debug] [2020-11-26T08:10:34.316Z] <<< [apiv2][status] GET https://cloudresourcemanager.googleapis.com/v1/operations/cp.8606262203112462417 200
[debug] [2020-11-26T08:10:34.316Z] <<< [apiv2][body] GET https://cloudresourcemanager.googleapis.com/v1/operations/cp.8606262203112462417 {"name":"operations/cp.8606262203112462417","metadata":{"@type":"type.googleapis.com/google.cloudresourcemanager.v1.ProjectCreationStatus","gettable":true}}
[debug] [2020-11-26T08:10:35.317Z] [Project Creation Poller] Retrying task index 0
[debug] [2020-11-26T08:10:35.318Z] >>> [apiv2][query] GET https://cloudresourcemanager.googleapis.com/v1/operations/cp.8606262203112462417 [none]
[debug] [2020-11-26T08:10:36.642Z] <<< [apiv2][status] GET https://cloudresourcemanager.googleapis.com/v1/operations/cp.8606262203112462417 200
[debug] [2020-11-26T08:10:36.642Z] <<< [apiv2][body] GET https://cloudresourcemanager.googleapis.com/v1/operations/cp.8606262203112462417 {"name":"operations/cp.8606262203112462417","metadata":{"@type":"type.googleapis.com/google.cloudresourcemanager.v1.ProjectCreationStatus","gettable":true,"ready":true},"done":true,"response":{"@type":"type.googleapis.com/google.cloudresourcemanager.v1.Project","projectNumber":"495708420940","projectId":"repayme","lifecycleState":"ACTIVE","name":"repayme","createTime":"2020-11-26T08:10:30.785Z"}}
[debug] [2020-11-26T08:10:36.646Z] > refreshing access token with scopes: ["email","https://www.googleapis.com/auth/cloud-platform","https://www.googleapis.com/auth/cloudplatformprojects.readonly","https://www.googleapis.com/auth/firebase","openid"]
[debug] [2020-11-26T08:10:36.646Z] >>> HTTP REQUEST POST https://www.googleapis.com/oauth2/v3/token  
 <request body omitted>
[debug] [2020-11-26T08:10:36.740Z] <<< HTTP RESPONSE 200 {"date":"Thu, 26 Nov 2020 08:10:36 GMT","expires":"Mon, 01 Jan 1990 00:00:00 GMT","pragma":"no-cache","cache-control":"no-cache, no-store, max-age=0, must-revalidate","content-type":"application/json; charset=utf-8","vary":"X-Origin, Referer, Origin,Accept-Encoding","server":"scaffolding on HTTPServer2","x-xss-protection":"0","x-frame-options":"SAMEORIGIN","x-content-type-options":"nosniff","alt-svc":"h3-29=\":443\"; ma=2592000,h3-T051=\":443\"; ma=2592000,h3-Q050=\":443\"; ma=2592000,h3-Q046=\":443\"; ma=2592000,h3-Q043=\":443\"; ma=2592000,quic=\":443\"; ma=2592000; v=\"46,43\"","accept-ranges":"none","transfer-encoding":"chunked"}
[debug] [2020-11-26T08:10:36.745Z] >>> HTTP REQUEST POST https://firebase.googleapis.com/v1beta1/projects/repayme:addFirebase  
 
[debug] [2020-11-26T08:10:40.686Z] <<< HTTP RESPONSE 200 {"content-type":"application/json; charset=UTF-8","vary":"X-Origin, Referer, Origin,Accept-Encoding","date":"Thu, 26 Nov 2020 08:10:40 GMT","server":"ESF","cache-control":"private","x-xss-protection":"0","x-frame-options":"SAMEORIGIN","x-content-type-options":"nosniff","alt-svc":"h3-29=\":443\"; ma=2592000,h3-T051=\":443\"; ma=2592000,h3-Q050=\":443\"; ma=2592000,h3-Q046=\":443\"; ma=2592000,h3-Q043=\":443\"; ma=2592000,quic=\":443\"; ma=2592000; v=\"46,43\"","accept-ranges":"none","transfer-encoding":"chunked"}
[debug] [2020-11-26T08:10:40.686Z] > refreshing access token with scopes: []
[debug] [2020-11-26T08:10:40.687Z] >>> HTTP REQUEST POST https://www.googleapis.com/oauth2/v3/token  
 <request body omitted>
[debug] [2020-11-26T08:10:40.777Z] <<< HTTP RESPONSE 200 {"pragma":"no-cache","date":"Thu, 26 Nov 2020 08:10:40 GMT","cache-control":"no-cache, no-store, max-age=0, must-revalidate","expires":"Mon, 01 Jan 1990 00:00:00 GMT","content-type":"application/json; charset=utf-8","vary":"X-Origin, Referer, Origin,Accept-Encoding","server":"scaffolding on HTTPServer2","x-xss-protection":"0","x-frame-options":"SAMEORIGIN","x-content-type-options":"nosniff","alt-svc":"h3-29=\":443\"; ma=2592000,h3-T051=\":443\"; ma=2592000,h3-Q050=\":443\"; ma=2592000,h3-Q046=\":443\"; ma=2592000,h3-Q043=\":443\"; ma=2592000,quic=\":443\"; ma=2592000; v=\"46,43\"","accept-ranges":"none","transfer-encoding":"chunked"}
[debug] [2020-11-26T08:10:40.786Z] >>> [apiv2][query] GET https://firebase.googleapis.com/v1beta1/operations/workflows/ZmI3NWIxMjUtZjY0YS00NWZiLWI1MmMtZWViMzhkMTcwZTZj [none]
[debug] [2020-11-26T08:10:41.759Z] <<< [apiv2][status] GET https://firebase.googleapis.com/v1beta1/operations/workflows/ZmI3NWIxMjUtZjY0YS00NWZiLWI1MmMtZWViMzhkMTcwZTZj 200
[debug] [2020-11-26T08:10:41.759Z] <<< [apiv2][body] GET https://firebase.googleapis.com/v1beta1/operations/workflows/ZmI3NWIxMjUtZjY0YS00NWZiLWI1MmMtZWViMzhkMTcwZTZj {"name":"operations/workflows/ZmI3NWIxMjUtZjY0YS00NWZiLWI1MmMtZWViMzhkMTcwZTZj"}
[debug] [2020-11-26T08:10:42.260Z] [Add Firebase Poller] Retrying task index 0
[debug] [2020-11-26T08:10:42.260Z] >>> [apiv2][query] GET https://firebase.googleapis.com/v1beta1/operations/workflows/ZmI3NWIxMjUtZjY0YS00NWZiLWI1MmMtZWViMzhkMTcwZTZj [none]
[debug] [2020-11-26T08:10:43.477Z] <<< [apiv2][status] GET https://firebase.googleapis.com/v1beta1/operations/workflows/ZmI3NWIxMjUtZjY0YS00NWZiLWI1MmMtZWViMzhkMTcwZTZj 200
[debug] [2020-11-26T08:10:43.477Z] <<< [apiv2][body] GET https://firebase.googleapis.com/v1beta1/operations/workflows/ZmI3NWIxMjUtZjY0YS00NWZiLWI1MmMtZWViMzhkMTcwZTZj {"name":"operations/workflows/ZmI3NWIxMjUtZjY0YS00NWZiLWI1MmMtZWViMzhkMTcwZTZj"}
[debug] [2020-11-26T08:10:44.479Z] [Add Firebase Poller] Retrying task index 0
[debug] [2020-11-26T08:10:44.480Z] >>> [apiv2][query] GET https://firebase.googleapis.com/v1beta1/operations/workflows/ZmI3NWIxMjUtZjY0YS00NWZiLWI1MmMtZWViMzhkMTcwZTZj [none]
[debug] [2020-11-26T08:10:45.196Z] <<< [apiv2][status] GET https://firebase.googleapis.com/v1beta1/operations/workflows/ZmI3NWIxMjUtZjY0YS00NWZiLWI1MmMtZWViMzhkMTcwZTZj 200
[debug] [2020-11-26T08:10:45.197Z] <<< [apiv2][body] GET https://firebase.googleapis.com/v1beta1/operations/workflows/ZmI3NWIxMjUtZjY0YS00NWZiLWI1MmMtZWViMzhkMTcwZTZj {"name":"operations/workflows/ZmI3NWIxMjUtZjY0YS00NWZiLWI1MmMtZWViMzhkMTcwZTZj"}
[debug] [2020-11-26T08:10:47.198Z] [Add Firebase Poller] Retrying task index 0
[debug] [2020-11-26T08:10:47.198Z] >>> [apiv2][query] GET https://firebase.googleapis.com/v1beta1/operations/workflows/ZmI3NWIxMjUtZjY0YS00NWZiLWI1MmMtZWViMzhkMTcwZTZj [none]
[debug] [2020-11-26T08:10:47.906Z] <<< [apiv2][status] GET https://firebase.googleapis.com/v1beta1/operations/workflows/ZmI3NWIxMjUtZjY0YS00NWZiLWI1MmMtZWViMzhkMTcwZTZj 200
[debug] [2020-11-26T08:10:47.906Z] <<< [apiv2][body] GET https://firebase.googleapis.com/v1beta1/operations/workflows/ZmI3NWIxMjUtZjY0YS00NWZiLWI1MmMtZWViMzhkMTcwZTZj {"name":"operations/workflows/ZmI3NWIxMjUtZjY0YS00NWZiLWI1MmMtZWViMzhkMTcwZTZj"}
[debug] [2020-11-26T08:10:51.907Z] [Add Firebase Poller] Retrying task index 0
[debug] [2020-11-26T08:10:51.907Z] >>> [apiv2][query] GET https://firebase.googleapis.com/v1beta1/operations/workflows/ZmI3NWIxMjUtZjY0YS00NWZiLWI1MmMtZWViMzhkMTcwZTZj [none]
[debug] [2020-11-26T08:10:52.708Z] <<< [apiv2][status] GET https://firebase.googleapis.com/v1beta1/operations/workflows/ZmI3NWIxMjUtZjY0YS00NWZiLWI1MmMtZWViMzhkMTcwZTZj 200
[debug] [2020-11-26T08:10:52.708Z] <<< [apiv2][body] GET https://firebase.googleapis.com/v1beta1/operations/workflows/ZmI3NWIxMjUtZjY0YS00NWZiLWI1MmMtZWViMzhkMTcwZTZj {"name":"operations/workflows/ZmI3NWIxMjUtZjY0YS00NWZiLWI1MmMtZWViMzhkMTcwZTZj","done":true,"response":{"@type":"type.googleapis.com/google.firebase.service.v1beta1.FirebaseProject","projectId":"repayme","projectNumber":"495708420940","displayName":"repayme","name":"projects/repayme","resources":{"hostingSite":"repayme","realtimeDatabaseInstance":"repayme"}}}
[info] 
[info] === Your Firebase project is ready! ===
[info] 
[info] Project information:
[info]    - Project ID: repayme
[info]    - Project Name: repayme
[info] 
[info] Firebase console is available at
[info] https://console.firebase.google.com/project/repayme/overview
[info] i  Using project repayme (repayme) 
[info] 
=== Hosting Setup
[info] 
[info] Your public directory is the folder (relative to your project directory) that
[info] will contain Hosting assets to be uploaded with firebase deploy. If you
[info] have a build process for your assets, use your build's output directory.
[info] 
[debug] [2020-11-26T08:11:11.086Z] >>> HTTP REQUEST GET https://www.gstatic.com/firebasejs/releases.json  
 
[debug] [2020-11-26T08:11:11.162Z] <<< HTTP RESPONSE 200 {"accept-ranges":"bytes","vary":"Accept-Encoding, Origin","content-type":"application/json","cross-origin-resource-policy":"cross-origin","content-length":"1411","date":"Thu, 26 Nov 2020 07:40:59 GMT","expires":"Thu, 26 Nov 2020 08:30:59 GMT","last-modified":"Fri, 20 Nov 2020 01:53:31 GMT","x-content-type-options":"nosniff","server":"sffe","x-xss-protection":"0","cache-control":"public, max-age=3000","age":"1812","alt-svc":"h3-29=\":443\"; ma=2592000,h3-T051=\":443\"; ma=2592000,h3-Q050=\":443\"; ma=2592000,h3-Q046=\":443\"; ma=2592000,h3-Q043=\":443\"; ma=2592000,quic=\":443\"; ma=2592000; v=\"46,43\""}
[info] +  Wrote public/index.html 
[info] 
[info] i  Didn't detect a .git folder. Assuming F:\Work\exploration\mika\dashboardb\templates\repay is the project root. 
[info] i  Authorizing with GitHub to upload your service account to a GitHub repository's secrets store. 
[info] 
[info] Visit this URL on this device to log in:
[info] https://github.com/login/oauth/authorize?client_id=89cf50f02ac6aaed3484&state=50622393&redirect_uri=http%3A%2F%2Flocalhost%3A9005&scope=read%3Auser%20repo%20public_repo
[info] 
[info] Waiting for authentication...
[debug] [2020-11-26T08:11:13.792Z] >>> HTTP REQUEST POST https://github.com/login/oauth/access_token  
 {"client_id":"89cf50f02ac6aaed3484","client_secret":"3330d14abc895d9a74d5f17cd7a00711fa2c5bf0","code":"d46ce1970886d7612401","redirect_uri":"http://localhost:9005","state":"50622393"}
[debug] [2020-11-26T08:11:14.647Z] <<< HTTP RESPONSE 200 {"date":"Thu, 26 Nov 2020 08:11:14 GMT","content-type":"application/json; charset=utf-8","transfer-encoding":"chunked","server":"GitHub.com","status":"200 OK","vary":"X-PJAX, Accept-Encoding, Accept, X-Requested-With, Accept-Encoding","etag":"W/\"1e898db6a36ccfe3ba2a22771c1dee15\"","cache-control":"max-age=0, private, must-revalidate","strict-transport-security":"max-age=31536000; includeSubdomains; preload","x-frame-options":"deny","x-content-type-options":"nosniff","x-xss-protection":"1; mode=block","referrer-policy":"origin-when-cross-origin, strict-origin-when-cross-origin","expect-ct":"max-age=2592000, report-uri=\"https://api.github.com/_private/browser/errors\"","content-security-policy":"default-src 'none'; base-uri 'self'; block-all-mixed-content; connect-src 'self' uploads.github.com www.githubstatus.com collector.githubapp.com api.github.com github-cloud.s3.amazonaws.com github-production-repository-file-5c1aeb.s3.amazonaws.com github-production-upload-manifest-file-7fdce7.s3.amazonaws.com github-production-user-asset-6210df.s3.amazonaws.com cdn.optimizely.com logx.optimizely.com/v1/events wss://alive.github.com; font-src github.githubassets.com; form-action 'self' github.com gist.github.com; frame-ancestors 'none'; frame-src render.githubusercontent.com; img-src 'self' data: github.githubassets.com identicons.github.com collector.githubapp.com github-cloud.s3.amazonaws.com *.githubusercontent.com; manifest-src 'self'; media-src 'none'; script-src github.githubassets.com; style-src 'unsafe-inline' github.githubassets.com; worker-src github.com/socket-worker.js gist.github.com/socket-worker.js","x-github-request-id":"EB3B:6816:141D32E:1A2C99A:5FBF6322"}
[debug] [2020-11-26T08:11:14.647Z] >>> HTTP REQUEST GET https://api.github.com/user  
 
[debug] [2020-11-26T08:11:15.466Z] <<< HTTP RESPONSE 200 {"date":"Thu, 26 Nov 2020 08:11:15 GMT","content-type":"application/json; charset=utf-8","content-length":"1437","server":"GitHub.com","status":"200 OK","cache-control":"private, max-age=60, s-maxage=60","vary":"Accept, Authorization, Cookie, X-GitHub-OTP, Accept-Encoding, Accept, X-Requested-With, Accept-Encoding","etag":"\"af8e82620cfc4195e3c6948922105d04efc34d370cf584b7749881e2515380fc\"","last-modified":"Thu, 26 Nov 2020 02:35:01 GMT","x-oauth-scopes":"read:user, repo","x-accepted-oauth-scopes":"","x-oauth-client-id":"89cf50f02ac6aaed3484","x-github-media-type":"github.v3","x-ratelimit-limit":"5000","x-ratelimit-remaining":"4999","x-ratelimit-reset":"1606381875","x-ratelimit-used":"1","access-control-expose-headers":"ETag, Link, Location, Retry-After, X-GitHub-OTP, X-RateLimit-Limit, X-RateLimit-Remaining, X-RateLimit-Used, X-RateLimit-Reset, X-OAuth-Scopes, X-Accepted-OAuth-Scopes, X-Poll-Interval, X-GitHub-Media-Type, Deprecation, Sunset","access-control-allow-origin":"*","strict-transport-security":"max-age=31536000; includeSubdomains; preload","x-frame-options":"deny","x-content-type-options":"nosniff","x-xss-protection":"1; mode=block","referrer-policy":"origin-when-cross-origin, strict-origin-when-cross-origin","content-security-policy":"default-src 'none'","x-github-request-id":"31CF:96F7:DA57F5:10E29EF:5FBF6322"}
[info] 
[info] +  Success! Logged into GitHub as bloodybuttock 
[info] 
[debug] [2020-11-26T08:11:50.710Z] >>> HTTP REQUEST GET https://api.github.com/repos/https://github.com/bloodybuttock/repay.git/actions/secrets/public-key?type=owner  
 
[debug] [2020-11-26T08:11:51.400Z] <<< HTTP RESPONSE 404 {"date":"Thu, 26 Nov 2020 08:11:51 GMT","content-type":"application/json; charset=utf-8","content-length":"74","server":"GitHub.com","status":"404 Not Found","x-oauth-scopes":"read:user, repo","x-accepted-oauth-scopes":"repo","x-oauth-client-id":"89cf50f02ac6aaed3484","x-github-media-type":"github.v3","x-ratelimit-limit":"5000","x-ratelimit-remaining":"4998","x-ratelimit-reset":"1606381875","x-ratelimit-used":"2","access-control-expose-headers":"ETag, Link, Location, Retry-After, X-GitHub-OTP, X-RateLimit-Limit, X-RateLimit-Remaining, X-RateLimit-Used, X-RateLimit-Reset, X-OAuth-Scopes, X-Accepted-OAuth-Scopes, X-Poll-Interval, X-GitHub-Media-Type, Deprecation, Sunset","access-control-allow-origin":"*","strict-transport-security":"max-age=31536000; includeSubdomains; preload","x-frame-options":"deny","x-content-type-options":"nosniff","x-xss-protection":"1; mode=block","referrer-policy":"origin-when-cross-origin, strict-origin-when-cross-origin","content-security-policy":"default-src 'none'","vary":"Accept-Encoding, Accept, X-Requested-With","x-github-request-id":"A38E:90B2:120F94:165487:5FBF6346"}
[debug] [2020-11-26T08:11:51.400Z] <<< HTTP RESPONSE BODY Not Found {"message":"Not Found","documentation_url":"https://docs.github.com/rest"}
[debug] [2020-11-26T08:11:57.460Z] >>> HTTP REQUEST GET https://api.github.com/repos//actions/secrets/public-key?type=owner  
 
[debug] [2020-11-26T08:11:58.146Z] <<< HTTP RESPONSE 404 {"date":"Thu, 26 Nov 2020 08:11:58 GMT","content-type":"application/json; charset=utf-8","content-length":"74","server":"GitHub.com","status":"404 Not Found","x-oauth-scopes":"read:user, repo","x-accepted-oauth-scopes":"repo","x-oauth-client-id":"89cf50f02ac6aaed3484","x-github-media-type":"github.v3","x-ratelimit-limit":"5000","x-ratelimit-remaining":"4997","x-ratelimit-reset":"1606381875","x-ratelimit-used":"3","access-control-expose-headers":"ETag, Link, Location, Retry-After, X-GitHub-OTP, X-RateLimit-Limit, X-RateLimit-Remaining, X-RateLimit-Used, X-RateLimit-Reset, X-OAuth-Scopes, X-Accepted-OAuth-Scopes, X-Poll-Interval, X-GitHub-Media-Type, Deprecation, Sunset","access-control-allow-origin":"*","strict-transport-security":"max-age=31536000; includeSubdomains; preload","x-frame-options":"deny","x-content-type-options":"nosniff","x-xss-protection":"1; mode=block","referrer-policy":"origin-when-cross-origin, strict-origin-when-cross-origin","content-security-policy":"default-src 'none'","vary":"Accept-Encoding, Accept, X-Requested-With","x-github-request-id":"6C3A:58BC:632CDA:7C07F3:5FBF634D"}
[debug] [2020-11-26T08:11:58.146Z] <<< HTTP RESPONSE BODY Not Found {"message":"Not Found","documentation_url":"https://docs.github.com/rest"}
